Build started 6/21/2011 6:44:17 PM.
     1>Project "C:\Users\d4n1l0d\ComplexoDNL\Projetos\svn\lincefr\SS2\ProjetoFinal\ProjetoFinal.vcxproj" on node 2 (build target(s)).
     1>InitializeBuildStatus:
         Creating "Debug\ProjetoFinal.unsuccessfulbuild" because "AlwaysCreate" was specified.
       ClCompile:
         c:\Program Files (x86)\Microsoft Visual Studio 10.0\VC\bin\CL.exe /c /ZI /nologo /W3 /WX- /Od /Oy- /D WIN32 /D _DEBUG /D _CONSOLE /D _UNICODE /D UNICODE /Gm /EHsc /RTC1 /MDd /GS /fp:precise /Zc:wchar_t /Zc:forScope /Yc"StdAfx.h" /Fp"Debug\ProjetoFinal.pch" /Fo"Debug\\" /Fd"Debug\vc100.pdb" /Gd /TP /analyze- /errorReport:prompt stdafx.cpp
         stdafx.cpp
         c:\Program Files (x86)\Microsoft Visual Studio 10.0\VC\bin\CL.exe /c /ZI /nologo /W3 /WX- /Od /Oy- /D WIN32 /D _DEBUG /D _CONSOLE /D _UNICODE /D UNICODE /Gm /EHsc /RTC1 /MDd /GS /fp:precise /Zc:wchar_t /Zc:forScope /Yu"StdAfx.h" /Fp"Debug\ProjetoFinal.pch" /Fo"Debug\\" /Fd"Debug\vc100.pdb" /Gd /TP /analyze- /errorReport:prompt ProjetoFinal.cpp
         ProjetoFinal.cpp
       ManifestResourceCompile:
         C:\Program Files (x86)\Microsoft SDKs\Windows\v7.0A\bin\rc.exe /nologo /fo"Debug\ProjetoFinal.exe.embed.manifest.res" Debug\ProjetoFinal_manifest.rc 
       Link:
         c:\Program Files (x86)\Microsoft Visual Studio 10.0\VC\bin\link.exe /ERRORREPORT:PROMPT /OUT:"C:\Users\d4n1l0d\ComplexoDNL\Projetos\svn\lincefr\SS2\ProjetoFinal\Debug\ProjetoFinal.exe" /INCREMENTAL /NOLOGO kernel32.lib user32.lib gdi32.lib winspool.lib comdlg32.lib advapi32.lib shell32.lib ole32.lib oleaut32.lib uuid.lib odbc32.lib odbccp32.lib /MANIFEST /ManifestFile:"Debug\ProjetoFinal.exe.intermediate.manifest" /MANIFESTUAC:"level='asInvoker' uiAccess='false'" /DEBUG /PDB:"C:\Users\d4n1l0d\ComplexoDNL\Projetos\svn\lincefr\SS2\ProjetoFinal\Debug\ProjetoFinal.pdb" /SUBSYSTEM:CONSOLE /TLBID:1 /DYNAMICBASE /NXCOMPAT /IMPLIB:"C:\Users\d4n1l0d\ComplexoDNL\Projetos\svn\lincefr\SS2\ProjetoFinal\Debug\ProjetoFinal.lib" /MACHINE:X86 Debug\ProjetoFinal.exe.embed.manifest.res
         Debug\ProjetoFinal.obj
         Debug\stdafx.obj
       Manifest:
         C:\Program Files (x86)\Microsoft SDKs\Windows\v7.0A\bin\mt.exe /nologo /verbose /out:"Debug\ProjetoFinal.exe.embed.manifest" /manifest Debug\ProjetoFinal.exe.intermediate.manifest
         C:\Program Files (x86)\Microsoft SDKs\Windows\v7.0A\bin\rc.exe /nologo /fo"Debug\ProjetoFinal.exe.embed.manifest.res" Debug\ProjetoFinal_manifest.rc 
       LinkEmbedManifest:
         c:\Program Files (x86)\Microsoft Visual Studio 10.0\VC\bin\link.exe /ERRORREPORT:PROMPT /OUT:"C:\Users\d4n1l0d\ComplexoDNL\Projetos\svn\lincefr\SS2\ProjetoFinal\Debug\ProjetoFinal.exe" /INCREMENTAL /NOLOGO kernel32.lib user32.lib gdi32.lib winspool.lib comdlg32.lib advapi32.lib shell32.lib ole32.lib oleaut32.lib uuid.lib odbc32.lib odbccp32.lib /MANIFEST /ManifestFile:"Debug\ProjetoFinal.exe.intermediate.manifest" /MANIFESTUAC:"level='asInvoker' uiAccess='false'" /DEBUG /PDB:"C:\Users\d4n1l0d\ComplexoDNL\Projetos\svn\lincefr\SS2\ProjetoFinal\Debug\ProjetoFinal.pdb" /SUBSYSTEM:CONSOLE /TLBID:1 /DYNAMICBASE /NXCOMPAT /IMPLIB:"C:\Users\d4n1l0d\ComplexoDNL\Projetos\svn\lincefr\SS2\ProjetoFinal\Debug\ProjetoFinal.lib" /MACHINE:X86 Debug\ProjetoFinal.exe.embed.manifest.res
         Debug\ProjetoFinal.obj
         Debug\stdafx.obj
         ProjetoFinal.vcxproj -> C:\Users\d4n1l0d\ComplexoDNL\Projetos\svn\lincefr\SS2\ProjetoFinal\Debug\ProjetoFinal.exe
       FinalizeBuildStatus:
         Deleting file "Debug\ProjetoFinal.unsuccessfulbuild".
         Touching "Debug\ProjetoFinal.lastbuildstate".
     1>Done Building Project "C:\Users\d4n1l0d\ComplexoDNL\Projetos\svn\lincefr\SS2\ProjetoFinal\ProjetoFinal.vcxproj" (build target(s)).

Build succeeded.

Time Elapsed 00:00:15.62
